c:\users\catad\source\repos\quiz\quiz\x64\debug\presenter.obj
c:\users\catad\source\repos\quiz\quiz\x64\debug\quiz.obj
c:\users\catad\source\repos\quiz\quiz\x64\debug\qrc_quiz.obj
c:\users\catad\source\repos\quiz\quiz\x64\debug\main.obj
c:\users\catad\source\repos\quiz\quiz\x64\debug\moc_presenterview.obj
c:\users\catad\source\repos\quiz\quiz\x64\debug\presenterview.obj
c:\users\catad\source\repos\quiz\quiz\x64\debug\moc_participantview.obj
c:\users\catad\source\repos\quiz\quiz\x64\debug\repo.obj
c:\users\catad\source\repos\quiz\quiz\x64\debug\moc_quiz.obj
c:\users\catad\source\repos\quiz\quiz\x64\debug\participantview.obj
c:\users\catad\source\repos\quiz\quiz\x64\debug\vc141.pdb
c:\users\catad\source\repos\quiz\x64\debug\quiz.exe
c:\users\catad\source\repos\quiz\x64\debug\quiz.ilk
c:\users\catad\source\repos\quiz\x64\debug\quiz.pdb
c:\users\catad\source\repos\quiz\quiz\generatedfiles\debug\moc_quiz.cpp
c:\users\catad\source\repos\quiz\quiz\generatedfiles\debug\moc_participantview.cpp
c:\users\catad\source\repos\quiz\quiz\generatedfiles\debug\moc_presenterview.cpp
c:\users\catad\source\repos\quiz\quiz\generatedfiles\qrc_quiz.cpp
c:\users\catad\source\repos\quiz\quiz\generatedfiles\ui_participantview.h
c:\users\catad\source\repos\quiz\quiz\generatedfiles\ui_presenterview.h
c:\users\catad\source\repos\quiz\quiz\generatedfiles\ui_quiz.h
c:\users\catad\source\repos\quiz\quiz\x64\debug\quiz.tlog\cl.command.1.tlog
c:\users\catad\source\repos\quiz\quiz\x64\debug\quiz.tlog\cl.read.1.tlog
c:\users\catad\source\repos\quiz\quiz\x64\debug\quiz.tlog\cl.write.1.tlog
c:\users\catad\source\repos\quiz\quiz\x64\debug\quiz.tlog\link.command.1.tlog
c:\users\catad\source\repos\quiz\quiz\x64\debug\quiz.tlog\link.read.1.tlog
c:\users\catad\source\repos\quiz\quiz\x64\debug\quiz.tlog\link.write.1.tlog
c:\users\catad\source\repos\quiz\quiz\x64\debug\quiz.tlog\quiz.write.1u.tlog
